1749535893551	geckodriver	INFO	Listening on 127.0.0.1:61065
1749535896647	mozrunner::runner	INFO	Running command: "C:\\Program Files\\Mozilla Firefox\\firefox.exe" "--marionette" "--remote-debugging-port" "61066" "--remote-allow-hosts" "localhost" "-no-remote" "-profile" "C:\\Users\\kkula\\AppData\\Local\\Temp\\rust_mozprofileTOtPd0"
console.warn: services.settings: Ignoring preference override of remote settings server
console.warn: services.settings: Allow by setting MOZ_REMOTE_SETTINGS_DEVTOOLS=1 in the environment
Dynamically enable window occlusion 0
1749535897644	Marionette	INFO	Marionette enabled
1749535898514	Marionette	INFO	Listening on port 61077
WebDriver BiDi listening on ws://127.0.0.1:61066
Read port: 61077
1749535898839	RemoteAgent	WARN	TLS certificate errors will be ignored for this session
1749535907702	Marionette	WARN	TimedPromise timed out after 500 ms: stacktrace:
TimedPromise/<@chrome://remote/content/marionette/sync.sys.mjs:205:24
TimedPromise@chrome://remote/content/marionette/sync.sys.mjs:189:10
interaction.flushEventLoop@chrome://remote/content/marionette/interaction.sys.mjs:465:10
webdriverClickElement@chrome://remote/content/marionette/interaction.sys.mjs:218:33
1749535914013	Marionette	WARN	TimedPromise timed out after 500 ms: stacktrace:
TimedPromise/<@chrome://remote/content/marionette/sync.sys.mjs:205:24
TimedPromise@chrome://remote/content/marionette/sync.sys.mjs:189:10
interaction.flushEventLoop@chrome://remote/content/marionette/interaction.sys.mjs:465:10
webdriverClickElement@chrome://remote/content/marionette/interaction.sys.mjs:218:33
1749535918204	Marionette	WARN	TimedPromise timed out after 500 ms: stacktrace:
TimedPromise/<@chrome://remote/content/marionette/sync.sys.mjs:205:24
TimedPromise@chrome://remote/content/marionette/sync.sys.mjs:189:10
interaction.flushEventLoop@chrome://remote/content/marionette/interaction.sys.mjs:465:10
webdriverClickElement@chrome://remote/content/marionette/interaction.sys.mjs:218:33
console.warn: WindowsJumpLists: "Failed to fetch favicon for " "https://the-internet.herokuapp.com/javascript_alerts" [Exception... "Failure"  nsresult: "0x80004005 (NS_ERROR_FAILURE)"  location: "<unknown>"  data: no]
console.warn: WindowsJumpLists: "Failed to fetch favicon for " "https://the-internet.herokuapp.com/javascript_alerts" [Exception... "Failure"  nsresult: "0x80004005 (NS_ERROR_FAILURE)"  location: "<unknown>"  data: no]
JavaScript error: https://cdn.ad.plus/player/adplus.js, line 431: TypeError: c(...).setup is not a function
JavaScript warning: https://api.b2c.com/api/init-67837llrmed7abvew8my.js?adID=607871879&advertiserID=5481501&campaignID=31418763&creativeID=230660926&placementID=415580249&environment=j&siteid=9008513&country=ct=IN&st=&city=7261&dma=0&zp=575002&bw=0&match=0&site=N339201.4066079OMDPROGRAMMATICUA&landingpage=https://www.visitdubai.com/en/travel-to-dubai/in%3Futm_source%3Dprogrammatic%26utm_medium%3Ddisplay%26utm_campaign%3Dseasonalaonapac%26utm_term%3Dind-en_genericactivitiesseta4%26utm_content%3Dconversion_banner728x90_OPXCADubai%26dclid%3D%25edclid!%26gad_source%3D7, line 1: WEBGL_debug_renderer_info is deprecated in Firefox and will be removed. Please use RENDERER.
SourceActor threw an exception: [Exception... "Failed to open input source 'chrome://global/content/neterror/aboutNetErrorCodes.js'"  nsresult: "0x805303f4 (<unknown>)"  location: "JS frame :: resource://devtools/shared/DevToolsUtils.js :: mainThreadFetch/< :: line 719"  data: yes]
Stack: mainThreadFetch/<@resource://devtools/shared/DevToolsUtils.js:719:15
mainThreadFetch@resource://devtools/shared/DevToolsUtils.js:566:10
_fetchURLContents@resource://devtools/server/actors/utils/sources-manager.js:472:22
urlContents@resource://devtools/server/actors/utils/sources-manager.js:436:17
_resurrectSource@resource://devtools/server/actors/thread.js:2215:33
addAllSources@resource://devtools/server/actors/thread.js:1582:14
watch@resource://devtools/server/actors/resources/sources.js:81:17
watchResources@resource://devtools/server/actors/resources/index.js:367:15
addOrSetSessionDataEntry@resource://devtools/server/actors/targets/session-data-processors/resources.js:19:21
addOrSetSessionDataEntry@resource://devtools/server/actors/targets/base-target-actor.js:86:23
#addOrSetSessionDataEntry@resource://devtools/server/connectors/js-process-actor/DevToolsProcessChild.sys.mjs:398:21
receiveMessage@resource://devtools/server/connectors/js-process-actor/DevToolsProcessChild.sys.mjs:323:46
Line: 719, column: 0
console.error: [Exception... "Failed to open input source 'chrome://global/content/neterror/aboutNetErrorCodes.js'"  nsresult: "0x805303f4 (<unknown>)"  location: "JS frame :: resource://devtools/shared/DevToolsUtils.js :: mainThreadFetch/< :: line 719"  data: yes]
JavaScript error: resource://devtools/shared/DevToolsUtils.js, line 719: Failed to open input source 'chrome://global/content/neterror/aboutNetErrorCodes.js'
JavaScript warning: https://www.googletagmanager.com/gtag/js?id=G-MVRXK93D28&cx=c&gtm=45He5650v855226469za200&tag_exp=101509157~103116026~103200004~103233427~103351869~103351871~104617979~104617981~104653070~104653072~104661466~104661468~104698127~104698129, line 164: Script terminated by timeout at:
sb@https://www.googletagmanager.com/gtag/js?id=G-MVRXK93D28&cx=c&gtm=45He5650v855226469za200&tag_exp=101509157~103116026~103200004~103233427~103351869~103351871~104617979~104617981~104653070~104653072~104661466~104661468~104698127~104698129:164:128
up@https://www.googletagmanager.com/gtag/js?id=G-MVRXK93D28&cx=c&gtm=45He5650v855226469za200&tag_exp=101509157~103116026~103200004~103233427~103351869~103351871~104617979~104617981~104653070~104653072~104661466~104661468~104698127~104698129:407:30
wq@https://www.googletagmanager.com/gtag/js?id=G-MVRXK93D28&cx=c&gtm=45He5650v855226469za200&tag_exp=101509157~103116026~103200004~103233427~103351869~103351871~104617979~104617981~104653070~104653072~104661466~104661468~104698127~104698129:422:498
SN/<@https://www.googletagmanager.com/gtag/js?id=G-MVRXK93D28&cx=c&gtm=45He5650v855226469za200&tag_exp=101509157~103116026~103200004~103233427~103351869~103351871~104617979~104617981~104653070~104653072~104661466~104661468~104698127~104698129:840:175
aa.Yn/<@https://www.googletagmanager.com/gtag/js?id=G-MVRXK93D28&cx=c&gtm=45He5650v855226469za200&tag_exp=101509157~103116026~103200004~103233427~103351869~103351871~104617979~104617981~104653070~104653072~104661466~104661468~104698127~104698129:777:126
aa.Yn/c/<@https://www.googletagmanager.com/gtag/js?id=G-MVRXK93D28&cx=c&gtm=45He5650v855226469za200&tag_exp=101509157~103116026~103200004~103233427~103351869~103351871~104617979~104617981~104653070~104653072~104661466~104661468~104698127~104698129:776:420

JavaScript error: resource:///modules/sessionstore/SessionStore.sys.mjs, line 2693: NotFoundError: No such JSProcessActor 'DevToolsProcess'
JavaScript error: resource:///modules/sessionstore/SessionStore.sys.mjs, line 2693: NotFoundError: No such JSProcessActor 'DevToolsProcess'
JavaScript error: resource:///modules/sessionstore/SessionStore.sys.mjs, line 2693: NotFoundError: No such JSProcessActor 'DevToolsProcess'
JavaScript error: resource:///modules/sessionstore/SessionStore.sys.mjs, line 2693: NotFoundError: No such JSProcessActor 'DevToolsProcess'
JavaScript error: resource:///modules/sessionstore/SessionStore.sys.mjs, line 2693: NotFoundError: No such JSProcessActor 'DevToolsProcess'
JavaScript error: resource:///modules/sessionstore/SessionStore.sys.mjs, line 2693: NotFoundError: No such JSProcessActor 'DevToolsProcess'
JavaScript error: resource:///modules/sessionstore/SessionStore.sys.mjs, line 2693: NotFoundError: No such JSProcessActor 'DevToolsProcess'
JavaScript error: resource:///modules/sessionstore/SessionStore.sys.mjs, line 2693: NotFoundError: No such JSProcessActor 'DevToolsProcess'
JavaScript error: resource:///modules/sessionstore/SessionStore.sys.mjs, line 2693: NotFoundError: No such JSProcessActor 'DevToolsProcess'
JavaScript error: resource:///modules/sessionstore/SessionStore.sys.mjs, line 2693: NotFoundError: No such JSProcessActor 'DevToolsProcess'
JavaScript error: resource:///modules/sessionstore/SessionStore.sys.mjs, line 2693: NotFoundError: No such JSProcessActor 'DevToolsProcess'
JavaScript error: resource:///modules/sessionstore/SessionStore.sys.mjs, line 2693: NotFoundError: No such JSProcessActor 'DevToolsProcess'
JavaScript error: resource:///modules/sessionstore/SessionStore.sys.mjs, line 2693: NotFoundError: No such JSProcessActor 'DevToolsProcess'
JavaScript error: resource:///modules/sessionstore/SessionStore.sys.mjs, line 2693: NotFoundError: No such JSProcessActor 'DevToolsProcess'
JavaScript error: resource:///modules/sessionstore/SessionStore.sys.mjs, line 2693: NotFoundError: No such JSProcessActor 'DevToolsProcess'
JavaScript error: resource:///modules/sessionstore/SessionStore.sys.mjs, line 2693: NotFoundError: No such JSProcessActor 'DevToolsProcess'
JavaScript error: resource:///modules/sessionstore/SessionStore.sys.mjs, line 2693: NotFoundError: No such JSProcessActor 'DevToolsProcess'
JavaScript error: resource:///modules/sessionstore/SessionStore.sys.mjs, line 2693: NotFoundError: No such JSProcessActor 'DevToolsProcess'
JavaScript error: resource:///modules/sessionstore/SessionStore.sys.mjs, line 2693: NotFoundError: No such JSProcessActor 'DevToolsProcess'
JavaScript error: resource:///modules/sessionstore/SessionStore.sys.mjs, line 2693: NotFoundError: No such JSProcessActor 'DevToolsProcess'
JavaScript error: resource:///modules/sessionstore/SessionStore.sys.mjs, line 2693: NotFoundError: No such JSProcessActor 'DevToolsProcess'
JavaScript error: resource:///modules/sessionstore/SessionStore.sys.mjs, line 2693: NotFoundError: No such JSProcessActor 'DevToolsProcess'
JavaScript error: resource:///modules/sessionstore/SessionStore.sys.mjs, line 2693: NotFoundError: No such JSProcessActor 'DevToolsProcess'
JavaScript error: resource:///modules/sessionstore/SessionStore.sys.mjs, line 2693: NotFoundError: No such JSProcessActor 'DevToolsProcess'
JavaScript error: resource:///modules/sessionstore/SessionStore.sys.mjs, line 2693: NotFoundError: No such JSProcessActor 'DevToolsProcess'
JavaScript error: resource:///modules/sessionstore/SessionStore.sys.mjs, line 2693: NotFoundError: No such JSProcessActor 'DevToolsProcess'
JavaScript error: resource:///modules/sessionstore/SessionStore.sys.mjs, line 2693: NotFoundError: No such JSProcessActor 'DevToolsProcess'
JavaScript warning: https://pagead2.googlesyndication.com/pagead/managed/js/activeview/current/ufs_web_display.js, line 80: Script terminated by timeout at:
n.next@https://pagead2.googlesyndication.com/pagead/managed/js/activeview/current/ufs_web_display.js:80:506
Hh/c/</</<@https://pagead2.googlesyndication.com/pagead/managed/js/activeview/current/ufs_web_display.js:142:320
Xa@https://pagead2.googlesyndication.com/pagead/managed/js/activeview/current/ufs_web_display.js:49:339
Ua.prototype.flush@https://pagead2.googlesyndication.com/pagead/managed/js/activeview/current/ufs_web_display.js:49:127
Wa@https://pagead2.googlesyndication.com/pagead/managed/js/activeview/current/ufs_web_display.js:48:483
Hh/c/</<@https://pagead2.googlesyndication.com/pagead/managed/js/activeview/current/ufs_web_display.js:142:292
uc.prototype.next@https://pagead2.googlesyndication.com/pagead/managed/js/activeview/current/ufs_web_display.js:81:218
n.Ed@https://pagead2.googlesyndication.com/pagead/managed/js/activeview/current/ufs_web_display.js:80:756
n.next@https://pagead2.googlesyndication.com/pagead/managed/js/activeview/current/ufs_web_display.js:80:523
tg/</</</<@https://pagead2.googlesyndication.com/pagead/managed/js/activeview/current/ufs_web_display.js:121:515
Ta.prototype.Sb/<@https://pagead2.googlesyndication.com/pagead/managed/js/activeview/current/ufs_web_display.js:48:315
tg/</</<@https://pagead2.googlesyndication.com/pagead/managed/js/activeview/current/ufs_web_display.js:121:524
uc.prototype.next@https://pagead2.googlesyndication.com/pagead/managed/js/activeview/current/ufs_web_display.js:81:218
n.Ed@https://pagead2.googlesyndication.com/pagead/managed/js/activeview/current/ufs_web_display.js:80:756
n.next@https://pagead2.googlesyndication.com/pagead/managed/js/activeview/current/ufs_web_display.js:80:523
tg/</</</<@https://pagead2.googlesyndication.com/pagead/managed/js/activeview/current/ufs_web_display.js:121:515
Ta.prototype.Sb/<@https://pagead2.googlesyndication.com/pagead/managed/js/activeview/current/ufs_web_display.js:48:315
tg/</</<@https://pagead2.googlesyndication.com/pagead/managed/js/activeview/current/ufs_web_display.js:121:524
uc.prototype.next@https://pagead2.googlesyndication.com/pagead/managed/js/activeview/current/ufs_web_display.js:81:218
n.Ed@https://pagead2.googlesyndication.com/pagead/managed/js/activeview/current/ufs_web_display.js:80:756
n.next@https://pagead2.googlesyndication.com/pagead/managed/js/activeview/current/ufs_web_display.js:80:523
h@https://pagead2.googlesyndication.com/pagead/managed/js/activeview/current/ufs_web_display.js:93:477

1749536196926	Marionette	INFO	Stopped listening on port 61077
Dynamically enable window occlusion 1
console.error: "Failed to fetch https://ads.mozilla.org/v1/delete_user:" "NetworkError when attempting to fetch resource."
console.warn: TopSitesFeed: Failed to fetch data from MARS server: NetworkError when attempting to fetch resource.
console.error: "Error in worker resource://devtools/client/shared/source-map-loader/worker.js" ": "
console.error: services.settings: 
Object
  - prototype Object
    - columnNumber = 0
    - data = null
    - filename = resource://gre/modules/ServiceRequest.sys.mjs
    - lineNumber = 126
    - location = {"name":"open","filename":"resource://gre/modules/ServiceRequest.sys.mjs","sourceId":27,"lineNumber":126,"columnNumber":11,"asyncCause":null,"asyncCaller":null,"caller":{"filename":"resource://services-settings/Utils.sys.mjs","name":"fetch/<","sourceId":26,"lineNumber":268,"columnNumber":15,"asyncCause":null,"asyncCaller":null,"caller":{"filename":"resource://services-settings/Utils.sys.mjs","name":"fetch","sourceId":26,"lineNumber":219,"columnNumber":12,"asyncCause":null,"asyncCaller":null,"caller":{"filename":"resource://services-settings/Utils.sys.mjs","name":"fetchLatestChanges","sourceId":26,"lineNumber":429,"columnNumber":34,"asyncCause":null,"asyncCaller":null,"caller":{"filename":"resource://services-settings/RemoteSettingsClient.sys.mjs","name":"sync","sourceId":24,"lineNumber":625,"columnNumber":42,"asyncCause":null,"asyncCaller":null,"caller":{"filename":"resource://services-settings/RemoteSettingsClient.sys.mjs","name":"get/this._importingPromise<","sourceId":24,"lineNumber":477,"columnNumber":28,"asyncCause":null,"asyncCaller":null,"caller":null,"formattedStack":"get/this._importingPromise<@resource://services-settings/RemoteSettingsClient.sys.mjs:477:28\n","nativeSavedFrame":{}},"formattedStack":"sync@resource://services-settings/RemoteSettingsClient.sys.mjs:625:42\nget/this._importingPromise<@resource://services-settings/RemoteSettingsClient.sys.mjs:477:28\n","nativeSavedFrame":{}},"formattedStack":"fetchLatestChanges@resource://services-settings/Utils.sys.mjs:429:34\nsync@resource://services-settings/RemoteSettingsClient.sys.mjs:625:42\nget/this._importingPromise<@resource://services-settings/RemoteSettingsClient.sys.mjs:477:28\n","nativeSavedFrame":{}},"formattedStack":"fetch@resource://services-settings/Utils.sys.mjs:219:12\nfetchLatestChanges@resource://services-settings/Utils.sys.mjs:429:34\nsync@resource://services-settings/RemoteSettingsClient.sys.mjs:625:42\nget/this._importingPromise<@resource://services-settings/RemoteSettingsClient.sys.mjs:477:28\n","nativeSavedFrame":{}},"formattedStack":"fetch/<@resource://services-settings/Utils.sys.mjs:268:15\nfetch@resource://services-settings/Utils.sys.mjs:219:12\nfetchLatestChanges@resource://services-settings/Utils.sys.mjs:429:34\nsync@resource://services-settings/RemoteSettingsClient.sys.mjs:625:42\nget/this._importingPromise<@resource://services-settings/RemoteSettingsClient.sys.mjs:477:28\n","nativeSavedFrame":{}},"formattedStack":"open@resource://gre/modules/ServiceRequest.sys.mjs:126:11\nfetch/<@resource://services-settings/Utils.sys.mjs:268:15\nfetch@resource://services-settings/Utils.sys.mjs:219:12\nfetchLatestChanges@resource://services-settings/Utils.sys.mjs:429:34\nsync@resource://services-settings/RemoteSettingsClient.sys.mjs:625:42\nget/this._importingPromise<@resource://services-settings/RemoteSettingsClient.sys.mjs:477:28\n","nativeSavedFrame":{}}
    - message = 
    - name = 
    - result = 2152071198
    - stack = open@resource://gre/modules/ServiceRequest.sys.mjs:126:11|fetch/<@resource://services-settings/Utils.sys.mjs:268:15|fetch@resource://services-settings/Utils.sys.mjs:219:12|fetchLatestChanges@resource://services-settings/Utils.sys.mjs:429:34|sync@resource://services-settings/RemoteSettingsClient.sys.mjs:625:42|get/this._importingPromise<@resource://services-settings/RemoteSettingsClient.sys.mjs:477:28|
  - prototype Object
